1676357197708-0 - [22:46:37][DEBUG][PROXY] Proxy Disabled - undefined
1676357197712-0 - [22:46:37][DEBUG][EXPRESS] Server Started: 8080 - undefined
1676357864994-0 - [22:57:44][DEBUG][PROXY] Proxy Disabled - undefined
1676357864999-0 - [22:57:44][DEBUG][EXPRESS] Server Started: 8080 - undefined
1676357876850-0 - [22:57:56][DEBUG][PROXY] Proxy Disabled - undefined
1676357876855-0 - [22:57:56][DEBUG][EXPRESS] Server Started: 8080 - undefined
1676357905593-0 - [22:58:25][DEBUG][PROXY] Proxy Disabled - undefined
1676357905598-0 - [22:58:25][DEBUG][EXPRESS] Server Started: 8080 - undefined
1676357911335-0 - [22:58:31][DEBUG][PROXY] Proxy Disabled - undefined
1676357911340-0 - [22:58:31][DEBUG][EXPRESS] Server Started: 8080 - undefined
1676357949317-0 - [22:59:09][DEBUG][PROXY] Proxy Disabled - undefined
1676357949322-0 - [22:59:09][DEBUG][EXPRESS] Server Started: 8080 - undefined
1676358066488-0 - [23:01:06][DEBUG][PROXY] Proxy Disabled - undefined
1676358066493-0 - [23:01:06][DEBUG][EXPRESS] Server Started: 8080 - undefined
1676358084718-0 - [23:01:24][DEBUG][PROXY] Proxy Disabled - undefined
1676358084723-0 - [23:01:24][DEBUG][EXPRESS] Server Started: 8080 - undefined
1676358097619-0 - [23:01:37][DEBUG][PROXY] Proxy Disabled - undefined
1676358097624-0 - [23:01:37][DEBUG][EXPRESS] Server Started: 8080 - undefined
1676358193908-0 - [23:03:13][DEBUG][PROXY] Proxy Disabled - undefined
1676358193915-0 - [23:03:13][DEBUG][EXPRESS] Server Started: 8080 - undefined
1676358612078-0 - [23:10:12][DEBUG][PROXY] Proxy Disabled - undefined
1676358612083-0 - [23:10:12][DEBUG][EXPRESS] Server Started: 8080 - undefined
1676358622628-0 - [23:10:22][DEBUG][PROXY] Proxy Disabled - undefined
1676358622633-0 - [23:10:22][DEBUG][EXPRESS] Server Started: 8080 - undefined
1676359403773-0 - [23:23:23][DEBUG][PROXY] Proxy Disabled - undefined
1676359403778-0 - [23:23:23][DEBUG][EXPRESS] Server Started: 8080 - undefined
1676359413265-0 - [23:23:33][DEBUG][PROXY] Proxy Disabled - undefined
1676359413270-0 - [23:23:33][DEBUG][EXPRESS] Server Started: 8080 - undefined
1676359453521-0 - [23:24:13][DEBUG][PROXY] Proxy Disabled - undefined
1676359453525-0 - [23:24:13][DEBUG][EXPRESS] Server Started: 8080 - undefined
1676359789097-0 - [23:29:49][DEBUG][PROXY] Proxy Disabled - undefined
1676359789102-0 - [23:29:49][DEBUG][EXPRESS] Server Started: 8080 - undefined
1676408226936-0 - [12:57:06][DEBUG][PROXY] Proxy Disabled - undefined
1676408226942-0 - [12:57:06][DEBUG][EXPRESS] Server Started: 8080 - undefined
1676408244431-0 - [12:57:24][DEBUG][PROXY] Proxy Disabled - undefined
1676408244436-0 - [12:57:24][DEBUG][EXPRESS] Server Started: 8080 - undefined
1676408461249-0 - [13:01:01][DEBUG][PROXY] Proxy Disabled - undefined
1676408461256-0 - [13:01:01][DEBUG][EXPRESS] Server Started: 8080 - undefined
1676408481815-0 - [13:01:21][DEBUG][PROXY] Proxy Disabled - undefined
1676408481821-0 - [13:01:21][DEBUG][EXPRESS] Server Started: 8080 - undefined
1676408504859-0 - [13:01:44][DEBUG][PROXY] Proxy Disabled - undefined
1676408504865-0 - [13:01:44][DEBUG][EXPRESS] Server Started: 8080 - undefined
1676408587313-0 - [13:03:07][DEBUG][PROXY] Proxy Disabled - undefined
1676408587318-0 - [13:03:07][DEBUG][EXPRESS] Server Started: 8080 - undefined
1676408609349-0 - [13:03:29][DEBUG][PROXY] Proxy Disabled - undefined
1676408609354-0 - [13:03:29][DEBUG][EXPRESS] Server Started: 8080 - undefined
1676408761383-0 - [13:06:01][DEBUG][PROXY] Proxy Disabled - undefined
1676408761388-0 - [13:06:01][DEBUG][EXPRESS] Server Started: 8080 - undefined
1676408799967-0 - [13:06:39][DEBUG][PROXY] Proxy Disabled - undefined
1676408799973-0 - [13:06:39][DEBUG][EXPRESS] Server Started: 8080 - undefined
1676408802148-0 - [13:06:42][DEBUG][PROXY] Proxy Disabled - undefined
1676408802153-0 - [13:06:42][DEBUG][EXPRESS] Server Started: 8080 - undefined
1676408868314-0 - [13:07:48][DEBUG][PROXY] Proxy Disabled - undefined
1676408868319-0 - [13:07:48][DEBUG][EXPRESS] Server Started: 8080 - undefined
1676409057599-0 - [13:10:57][DEBUG][PROXY] Proxy Disabled - undefined
1676409057605-0 - [13:10:57][DEBUG][EXPRESS] Server Started: 8080 - undefined
1676411144794-0 - [13:45:44][ERROR][API] ClipsUpload[1]: true - {"error":{"errored":true,"log":"[mov,mp4,m4a,3gp,3g2,mj2 @ 0000014c079cd780] moov atom not found\r\ntmp\\eZv9mmPP7hS-cCtyBDfM568O.mp4: Invalid data found when processing input\r\n","reason":"Process exited with exit code 1"}}
1676411160008-0 - [13:46:00][DEBUG][PROXY] Proxy Disabled - undefined
1676411160013-0 - [13:46:00][DEBUG][EXPRESS] Server Started: 8080 - undefined
1676411246770-0 - [13:47:26][DEBUG][PROXY] Proxy Disabled - undefined
1676411246776-0 - [13:47:26][DEBUG][EXPRESS] Server Started: 8080 - undefined
1676414658773-0 - [14:44:18][DEBUG][PROXY] Proxy Disabled - undefined
1676414658780-0 - [14:44:18][DEBUG][EXPRESS] Server Started: 8080 - undefined
1676414669186-0 - [14:44:29][DEBUG][PROXY] Proxy Disabled - undefined
1676414669192-0 - [14:44:29][DEBUG][EXPRESS] Server Started: 8080 - undefined
1676414671800-0 - [14:44:31][DEBUG][PROXY] Proxy Disabled - undefined
1676414671806-0 - [14:44:31][DEBUG][EXPRESS] Server Started: 8080 - undefined
1676414723917-0 - [14:45:23][DEBUG][PROXY] Proxy Disabled - undefined
1676414723923-0 - [14:45:23][DEBUG][EXPRESS] Server Started: 8080 - undefined
1676414727265-0 - [14:45:27][DEBUG][PROXY] Proxy Disabled - undefined
1676414727271-0 - [14:45:27][DEBUG][EXPRESS] Server Started: 8080 - undefined
1676414771405-0 - [14:46:11][DEBUG][PROXY] Proxy Disabled - undefined
1676414771411-0 - [14:46:11][DEBUG][EXPRESS] Server Started: 8080 - undefined
1676414776634-0 - [14:46:16][DEBUG][PROXY] Proxy Disabled - undefined
1676414776640-0 - [14:46:16][DEBUG][EXPRESS] Server Started: 8080 - undefined
1676414790151-0 - [14:46:30][DEBUG][PROXY] Proxy Disabled - undefined
1676414790157-0 - [14:46:30][DEBUG][EXPRESS] Server Started: 8080 - undefined
1676415121048-0 - [14:52:01][DEBUG][PROXY] Proxy Disabled - undefined
1676415121054-0 - [14:52:01][DEBUG][EXPRESS] Server Started: 8080 - undefined
1676415124724-0 - [14:52:04][DEBUG][PROXY] Proxy Disabled - undefined
1676415124730-0 - [14:52:04][DEBUG][EXPRESS] Server Started: 8080 - undefined
1676415131804-0 - [14:52:11][DEBUG][PROXY] Proxy Disabled - undefined
1676415131809-0 - [14:52:11][DEBUG][EXPRESS] Server Started: 8080 - undefined
1676415165643-0 - [14:52:45][DEBUG][PROXY] Proxy Disabled - undefined
1676415165648-0 - [14:52:45][DEBUG][EXPRESS] Server Started: 8080 - undefined
1676415334100-0 - [14:55:34][DEBUG][PROXY] Proxy Disabled - undefined
1676415334105-0 - [14:55:34][DEBUG][EXPRESS] Server Started: 8080 - undefined
1676415378830-0 - [14:56:18][DEBUG][PROXY] Proxy Disabled - undefined
1676415378835-0 - [14:56:18][DEBUG][EXPRESS] Server Started: 8080 - undefined
1676415490832-0 - [14:58:10][DEBUG][PROXY] Proxy Disabled - undefined
1676415490838-0 - [14:58:10][DEBUG][EXPRESS] Server Started: 8080 - undefined
1676415681955-0 - [15:01:21][DEBUG][PROXY] Proxy Disabled - undefined
1676415681960-0 - [15:01:21][DEBUG][EXPRESS] Server Started: 8080 - undefined
1676415730350-0 - [15:02:10][DEBUG][PROXY] Proxy Disabled - undefined
1676415730355-0 - [15:02:10][DEBUG][EXPRESS] Server Started: 8080 - undefined
1676415743176-0 - [15:02:23][DEBUG][PROXY] Proxy Disabled - undefined
1676415743181-0 - [15:02:23][DEBUG][EXPRESS] Server Started: 8080 - undefined
1676415842169-0 - [15:04:02][DEBUG][PROXY] Proxy Disabled - undefined
1676415842175-0 - [15:04:02][DEBUG][EXPRESS] Server Started: 8080 - undefined
1676415898663-0 - [15:04:58][DEBUG][PROXY] Proxy Disabled - undefined
1676415898668-0 - [15:04:58][DEBUG][EXPRESS] Server Started: 8080 - undefined
1676415979450-0 - [15:06:19][DEBUG][PROXY] Proxy Disabled - undefined
1676415979455-0 - [15:06:19][DEBUG][EXPRESS] Server Started: 8080 - undefined
1676415983596-0 - [15:06:23][DEBUG][PROXY] Proxy Disabled - undefined
1676415983601-0 - [15:06:23][DEBUG][EXPRESS] Server Started: 8080 - undefined
1676416025128-0 - [15:07:05][DEBUG][PROXY] Proxy Disabled - undefined
1676416025133-0 - [15:07:05][DEBUG][EXPRESS] Server Started: 8080 - undefined
1676416038230-0 - [15:07:18][DEBUG][PROXY] Proxy Disabled - undefined
1676416038236-0 - [15:07:18][DEBUG][EXPRESS] Server Started: 8080 - undefined
1676428451442-0 - [18:34:11][DEBUG][PROXY] Proxy Disabled - undefined
1676428451447-0 - [18:34:11][DEBUG][EXPRESS] Server Started: 8080 - undefined
1676428509590-0 - [18:35:09][DEBUG][PROXY] Proxy Disabled - undefined
1676428509596-0 - [18:35:09][DEBUG][EXPRESS] Server Started: 8080 - undefined
1676428523962-0 - [18:35:23][DEBUG][PROXY] Proxy Disabled - undefined
1676428523967-0 - [18:35:23][DEBUG][EXPRESS] Server Started: 8080 - undefined
1676428539947-0 - [18:35:39][DEBUG][PROXY] Proxy Disabled - undefined
1676428539953-0 - [18:35:39][DEBUG][EXPRESS] Server Started: 8080 - undefined
1676428558295-0 - [18:35:58][DEBUG][PROXY] Proxy Disabled - undefined
1676428558300-0 - [18:35:58][DEBUG][EXPRESS] Server Started: 8080 - undefined
1676428573376-0 - [18:36:13][DEBUG][PROXY] Proxy Disabled - undefined
1676428573381-0 - [18:36:13][DEBUG][EXPRESS] Server Started: 8080 - undefined
1676428595504-0 - [18:36:35][DEBUG][PROXY] Proxy Disabled - undefined
1676428595510-0 - [18:36:35][DEBUG][EXPRESS] Server Started: 8080 - undefined
1676428604926-0 - [18:36:44][DEBUG][PROXY] Proxy Disabled - undefined
1676428604931-0 - [18:36:44][DEBUG][EXPRESS] Server Started: 8080 - undefined
1676428635792-0 - [18:37:15][DEBUG][PROXY] Proxy Disabled - undefined
1676428635798-0 - [18:37:15][DEBUG][EXPRESS] Server Started: 8080 - undefined
1676428661283-0 - [18:37:41][DEBUG][PROXY] Proxy Disabled - undefined
1676428661288-0 - [18:37:41][DEBUG][EXPRESS] Server Started: 8080 - undefined
1676428702688-0 - [18:38:22][DEBUG][PROXY] Proxy Disabled - undefined
1676428702694-0 - [18:38:22][DEBUG][EXPRESS] Server Started: 8080 - undefined
1676428730618-0 - [18:38:50][DEBUG][PROXY] Proxy Disabled - undefined
1676428730623-0 - [18:38:50][DEBUG][EXPRESS] Server Started: 8080 - undefined
1676428772403-0 - [18:39:32][ERROR][API] ClipsUpload[2] - {"error":{"clientVersion":"4.9.0"}}
1676428834502-0 - [18:40:34][DEBUG][PROXY] Proxy Disabled - undefined
1676428834508-0 - [18:40:34][DEBUG][EXPRESS] Server Started: 8080 - undefined
1676428843476-0 - [18:40:43][DEBUG][PROXY] Proxy Disabled - undefined
1676428843482-0 - [18:40:43][DEBUG][EXPRESS] Server Started: 8080 - undefined
1676428882039-0 - [18:41:22][DEBUG][PROXY] Proxy Disabled - undefined
1676428882045-0 - [18:41:22][DEBUG][EXPRESS] Server Started: 8080 - undefined
1676428889126-0 - [18:41:29][DEBUG][PROXY] Proxy Disabled - undefined
1676428889133-0 - [18:41:29][DEBUG][EXPRESS] Server Started: 8080 - undefined
1676431298637-0 - [19:21:38][DEBUG][PROXY] Proxy Disabled - undefined
1676431298643-0 - [19:21:38][DEBUG][EXPRESS] Server Started: 8080 - undefined
1676431732557-0 - [19:28:52][DEBUG][PROXY] Proxy Disabled - undefined
1676431732563-0 - [19:28:52][DEBUG][EXPRESS] Server Started: 8080 - undefined
1676431740167-0 - [19:29:00][DEBUG][PROXY] Proxy Disabled - undefined
1676431740174-0 - [19:29:00][DEBUG][EXPRESS] Server Started: 8080 - undefined
1676431767118-0 - [19:29:27][DEBUG][PROXY] Proxy Disabled - undefined
1676431767125-0 - [19:29:27][DEBUG][EXPRESS] Server Started: 8080 - undefined
1676433181975-0 - [19:53:01][DEBUG][PROXY] Proxy Disabled - undefined
1676433181981-0 - [19:53:01][DEBUG][EXPRESS] Server Started: 8080 - undefined
1676433217010-0 - [19:53:37][DEBUG][PROXY] Proxy Disabled - undefined
1676433217016-0 - [19:53:37][DEBUG][EXPRESS] Server Started: 8080 - undefined
1676433224017-0 - [19:53:44][DEBUG][PROXY] Proxy Disabled - undefined
1676433224023-0 - [19:53:44][DEBUG][EXPRESS] Server Started: 8080 - undefined
1676433263685-0 - [19:54:23][DEBUG][PROXY] Proxy Disabled - undefined
1676433263691-0 - [19:54:23][DEBUG][EXPRESS] Server Started: 8080 - undefined
1676433285184-0 - [19:54:45][DEBUG][PROXY] Proxy Disabled - undefined
1676433285190-0 - [19:54:45][DEBUG][EXPRESS] Server Started: 8080 - undefined
1676433316564-0 - [19:55:16][DEBUG][PROXY] Proxy Disabled - undefined
1676433316570-0 - [19:55:16][DEBUG][EXPRESS] Server Started: 8080 - undefined
1676433335044-0 - [19:55:35][DEBUG][PROXY] Proxy Disabled - undefined
1676433335050-0 - [19:55:35][DEBUG][EXPRESS] Server Started: 8080 - undefined
1676433343110-0 - [19:55:43][DEBUG][PROXY] Proxy Disabled - undefined
1676433343116-0 - [19:55:43][DEBUG][EXPRESS] Server Started: 8080 - undefined
1676433352323-0 - [19:55:52][DEBUG][PROXY] Proxy Disabled - undefined
1676433352329-0 - [19:55:52][DEBUG][EXPRESS] Server Started: 8080 - undefined
1676433375937-0 - [19:56:15][DEBUG][PROXY] Proxy Disabled - undefined
1676433375944-0 - [19:56:15][DEBUG][EXPRESS] Server Started: 8080 - undefined
1676433404508-0 - [19:56:44][DEBUG][PROXY] Proxy Disabled - undefined
1676433404514-0 - [19:56:44][DEBUG][EXPRESS] Server Started: 8080 - undefined
1676433436416-0 - [19:57:16][DEBUG][PROXY] Proxy Disabled - undefined
1676433436421-0 - [19:57:16][DEBUG][EXPRESS] Server Started: 8080 - undefined
1676433543857-0 - [19:59:03][DEBUG][PROXY] Proxy Disabled - undefined
1676433543863-0 - [19:59:03][DEBUG][EXPRESS] Server Started: 8080 - undefined
1676433546697-0 - [19:59:06][DEBUG][PROXY] Proxy Disabled - undefined
1676433546704-0 - [19:59:06][DEBUG][EXPRESS] Server Started: 8080 - undefined
1676433578574-0 - [19:59:38][DEBUG][PROXY] Proxy Disabled - undefined
1676433578580-0 - [19:59:38][DEBUG][EXPRESS] Server Started: 8080 - undefined
1676433598271-0 - [19:59:58][DEBUG][PROXY] Proxy Disabled - undefined
1676433598277-0 - [19:59:58][DEBUG][EXPRESS] Server Started: 8080 - undefined
1676433657773-0 - [20:00:57][DEBUG][PROXY] Proxy Disabled - undefined
1676433657779-0 - [20:00:57][DEBUG][EXPRESS] Server Started: 8080 - undefined
1676434142815-0 - [20:09:02][DEBUG][PROXY] Proxy Disabled - undefined
1676434142822-0 - [20:09:02][DEBUG][EXPRESS] Server Started: 8080 - undefined
1676434148183-0 - [20:09:08][DEBUG][PROXY] Proxy Disabled - undefined
1676434148191-0 - [20:09:08][DEBUG][EXPRESS] Server Started: 8080 - undefined
1676435628700-0 - [20:33:48][DEBUG][PROXY] Proxy Disabled - undefined
1676435628707-0 - [20:33:48][DEBUG][EXPRESS] Server Started: 8080 - undefined
1676491659440-0 - [12:07:39][DEBUG][PROXY] Proxy Disabled - undefined
1676491659446-0 - [12:07:39][DEBUG][EXPRESS] Server Started: 8080 - undefined
1676491720466-0 - [12:08:40][ERROR][API] ClipsUpload[2] - {"error":{"clientVersion":"4.9.0"}}
1676491782752-0 - [12:09:42][DEBUG][PROXY] Proxy Disabled - undefined
1676491782759-0 - [12:09:42][DEBUG][EXPRESS] Server Started: 8080 - undefined
1676491790431-0 - [12:09:50][DEBUG][PROXY] Proxy Disabled - undefined
1676491790438-0 - [12:09:50][DEBUG][EXPRESS] Server Started: 8080 - undefined
1676491805617-0 - [12:10:05][ERROR][API] ClipsUpload[2] - {"error":{"clientVersion":"4.9.0"}}
1676491833955-0 - [12:10:33][DEBUG][PROXY] Proxy Disabled - undefined
1676491833962-0 - [12:10:33][DEBUG][EXPRESS] Server Started: 8080 - undefined
1676491851868-0 - [12:10:51][DEBUG][PROXY] Proxy Disabled - undefined
1676491851874-0 - [12:10:51][DEBUG][EXPRESS] Server Started: 8080 - undefined
1676491984776-0 - [12:13:04][DEBUG][PROXY] Proxy Disabled - undefined
1676491984782-0 - [12:13:04][DEBUG][EXPRESS] Server Started: 8080 - undefined
1676491987254-0 - [12:13:07][ERROR][API] ClipsUpload[2] - {"error":{"code":"P2002","clientVersion":"4.9.0","meta":{"target":["shareId"]}}}
1676492027310-0 - [12:13:47][DEBUG][PROXY] Proxy Disabled - undefined
1676492027317-0 - [12:13:47][DEBUG][EXPRESS] Server Started: 8080 - undefined
1676492079642-0 - [12:14:39][DEBUG][PROXY] Proxy Disabled - undefined
1676492079648-0 - [12:14:39][DEBUG][EXPRESS] Server Started: 8080 - undefined
1676492235156-0 - [12:17:15][DEBUG][PROXY] Proxy Disabled - undefined
1676492235162-0 - [12:17:15][DEBUG][EXPRESS] Server Started: 8080 - undefined
1676492272955-0 - [12:17:52][DEBUG][PROXY] Proxy Disabled - undefined
1676492272961-0 - [12:17:52][DEBUG][EXPRESS] Server Started: 8080 - undefined
1676495865979-0 - [13:17:45][DEBUG][PROXY] Proxy Disabled - undefined
1676495865985-0 - [13:17:45][DEBUG][EXPRESS] Server Started: 8080 - undefined
1676496106667-0 - [13:21:46][DEBUG][PROXY] Proxy Disabled - undefined
1676496106673-0 - [13:21:46][DEBUG][EXPRESS] Server Started: 8080 - undefined
1676496407641-0 - [13:26:47][DEBUG][PROXY] Proxy Disabled - undefined
1676496407647-0 - [13:26:47][DEBUG][EXPRESS] Server Started: 8080 - undefined
1676496449816-0 - [13:27:29][DEBUG][PROXY] Proxy Disabled - undefined
1676496449822-0 - [13:27:29][DEBUG][EXPRESS] Server Started: 8080 - undefined
1676496737352-0 - [13:32:17][DEBUG][PROXY] Proxy Disabled - undefined
1676496737359-0 - [13:32:17][DEBUG][EXPRESS] Server Started: 8080 - undefined
1676502904946-0 - [15:15:04][DEBUG][PROXY] Proxy Disabled - undefined
1676502904953-0 - [15:15:04][DEBUG][EXPRESS] Server Started: 8080 - undefined
1676504259821-0 - [15:37:39][DEBUG][PROXY] Proxy Disabled - undefined
1676504259827-0 - [15:37:39][DEBUG][EXPRESS] Server Started: 8080 - undefined
1676504271264-0 - [15:37:51][DEBUG][PROXY] Proxy Disabled - undefined
1676504271270-0 - [15:37:51][DEBUG][EXPRESS] Server Started: 8080 - undefined
1676516758583-0 - [19:05:58][DEBUG][PROXY] Proxy Disabled - undefined
1676516758589-0 - [19:05:58][DEBUG][EXPRESS] Server Started: 8080 - undefined
1676577709101-0 - [12:01:49][DEBUG][PROXY] Proxy Disabled - undefined
1676577709108-0 - [12:01:49][DEBUG][EXPRESS] Server Started: 8080 - undefined
1676577728503-0 - [12:02:08][DEBUG][PROXY] Proxy Disabled - undefined
1676577728509-0 - [12:02:08][DEBUG][EXPRESS] Server Started: 8080 - undefined
1676579241192-0 - [12:27:21][DEBUG][PROXY] Proxy Disabled - undefined
1676579241197-0 - [12:27:21][DEBUG][EXPRESS] Server Started: 8080 - undefined
1676579268728-0 - [12:27:48][DEBUG][PROXY] Proxy Disabled - undefined
1676579268733-0 - [12:27:48][DEBUG][EXPRESS] Server Started: 8080 - undefined
1676579301121-0 - [12:28:21][DEBUG][PROXY] Proxy Disabled - undefined
1676579301126-0 - [12:28:21][DEBUG][EXPRESS] Server Started: 8080 - undefined
1676579353894-0 - [12:29:13][DEBUG][PROXY] Proxy Disabled - undefined
1676579353900-0 - [12:29:13][DEBUG][EXPRESS] Server Started: 8080 - undefined
1676579607983-0 - [12:33:27][DEBUG][PROXY] Proxy Disabled - undefined
1676579607988-0 - [12:33:27][DEBUG][EXPRESS] Server Started: 8080 - undefined
1676579731613-0 - [12:35:31][DEBUG][PROXY] Proxy Disabled - undefined
1676579731618-0 - [12:35:31][DEBUG][EXPRESS] Server Started: 8080 - undefined
1676590887585-0 - [15:41:27][DEBUG][PROXY] Proxy Disabled - undefined
1676590887590-0 - [15:41:27][DEBUG][EXPRESS] Server Started: 8080 - undefined
